<?xml version="1.0" encoding="UTF-8"?>
<!-- Generated by org.testng.reporters.JUnitXMLReporter -->
<testsuite ignored="0" hostname="LAPTOP-B5J4QNVR" failures="0" tests="6" name="Default test" time="9.902" errors="0" timestamp="2024-02-06T01:35:58 IST">
  <testcase classname="api.test.DDTests" name="testPostuser" time="2.832"/>
  <testcase classname="api.test.DDTests" name="testPostuser" time="1.15"/>
  <testcase classname="api.test.DDTests" name="testPostuser" time="1.181"/>
  <testcase classname="api.test.DDTests" name="testDeleteUserByName" time="1.164"/>
  <testcase classname="api.test.DDTests" name="testDeleteUserByName" time="1.158"/>
  <testcase classname="api.test.DDTests" name="testDeleteUserByName" time="1.114"/>
</testsuite> <!-- Default test -->
