<?xml version="1.0" encoding="UTF-8"?>
<!-- Generated by org.testng.reporters.JUnitXMLReporter -->
<testsuite ignored="0" hostname="LAPTOP-B5J4QNVR" failures="0" tests="4" name="Test" time="18.689" errors="0" timestamp="2024-02-06T18:21:07 IST">
  <testcase classname="api.test.UserTests" name="testPostUser" time="6.127"/>
  <testcase classname="api.test.UserTests" name="testGetUserByName" time="2.286"/>
  <testcase classname="api.test.UserTests" name="testUpdateUserByName" time="4.042"/>
  <testcase classname="api.test.UserTests" name="testDeleteUserByName" time="1.479"/>
</testsuite> <!-- Test -->
