<?xml version="1.0" encoding="UTF-8"?>
<testng-results ignored="0" total="4" passed="4" failed="0" skipped="0">
  <reporter-output>
  </reporter-output>
  <suite started-at="2024-02-06T18:20:48 IST" name="Suite" finished-at="2024-02-06T18:21:06 IST" duration-ms="18689">
    <groups>
    </groups>
    <test started-at="2024-02-06T18:20:48 IST" name="Test" finished-at="2024-02-06T18:21:06 IST" duration-ms="18689">
      <class name="api.test.UserTests">
        <test-method is-config="true" signature="SetupData()[pri:0, instance:api.test.UserTests@3835c46]" started-at="2024-02-06T18:20:48 IST" name="SetupData" finished-at="2024-02-06T18:20:52 IST" duration-ms="3566" status="PASS">
          <reporter-output>
          </reporter-output>
        </test-method> <!-- SetupData -->
        <test-method signature="testPostUser()[pri:1, instance:api.test.UserTests@3835c46]" started-at="2024-02-06T18:20:52 IST" name="testPostUser" finished-at="2024-02-06T18:20:58 IST" duration-ms="6127" status="PASS">
          <reporter-output>
          </reporter-output>
        </test-method> <!-- testPostUser -->
        <test-method signature="testGetUserByName()[pri:2, instance:api.test.UserTests@3835c46]" started-at="2024-02-06T18:20:59 IST" name="testGetUserByName" finished-at="2024-02-06T18:21:01 IST" duration-ms="2286" status="PASS">
          <reporter-output>
          </reporter-output>
        </test-method> <!-- testGetUserByName -->
        <test-method signature="testUpdateUserByName()[pri:3, instance:api.test.UserTests@3835c46]" started-at="2024-02-06T18:21:01 IST" name="testUpdateUserByName" finished-at="2024-02-06T18:21:05 IST" duration-ms="4042" status="PASS">
          <reporter-output>
          </reporter-output>
        </test-method> <!-- testUpdateUserByName -->
        <test-method signature="testDeleteUserByName()[pri:4, instance:api.test.UserTests@3835c46]" started-at="2024-02-06T18:21:05 IST" name="testDeleteUserByName" finished-at="2024-02-06T18:21:06 IST" duration-ms="1479" status="PASS">
          <reporter-output>
          </reporter-output>
        </test-method> <!-- testDeleteUserByName -->
      </class> <!-- api.test.UserTests -->
    </test> <!-- Test -->
  </suite> <!-- Suite -->
</testng-results>
