<?xml version="1.0" encoding="UTF-8"?>
<testng-results ignored="0" total="4" passed="4" failed="0" skipped="0">
  <reporter-output>
  </reporter-output>
  <suite started-at="2024-02-06T14:31:53 IST" name="Suite" finished-at="2024-02-06T14:32:11 IST" duration-ms="17166">
    <groups>
    </groups>
    <test started-at="2024-02-06T14:31:53 IST" name="Test" finished-at="2024-02-06T14:32:11 IST" duration-ms="17166">
      <class name="api.test.UserTests">
        <test-method is-config="true" signature="SetupData()[pri:0, instance:api.test.UserTests@47eaca72]" started-at="2024-02-06T14:31:54 IST" name="SetupData" finished-at="2024-02-06T14:31:56 IST" duration-ms="1579" status="PASS">
          <reporter-output>
          </reporter-output>
        </test-method> <!-- SetupData -->
        <test-method signature="testPostUser()[pri:1, instance:api.test.UserTests@47eaca72]" started-at="2024-02-06T14:31:56 IST" name="testPostUser" finished-at="2024-02-06T14:32:03 IST" duration-ms="7425" status="PASS">
          <reporter-output>
          </reporter-output>
        </test-method> <!-- testPostUser -->
        <test-method signature="testGetUserByName()[pri:2, instance:api.test.UserTests@47eaca72]" started-at="2024-02-06T14:32:04 IST" name="testGetUserByName" finished-at="2024-02-06T14:32:05 IST" duration-ms="1605" status="PASS">
          <reporter-output>
          </reporter-output>
        </test-method> <!-- testGetUserByName -->
        <test-method signature="testUpdateUserByName()[pri:3, instance:api.test.UserTests@47eaca72]" started-at="2024-02-06T14:32:05 IST" name="testUpdateUserByName" finished-at="2024-02-06T14:32:09 IST" duration-ms="3511" status="PASS">
          <reporter-output>
          </reporter-output>
        </test-method> <!-- testUpdateUserByName -->
        <test-method signature="testDeleteUserByName()[pri:4, instance:api.test.UserTests@47eaca72]" started-at="2024-02-06T14:32:09 IST" name="testDeleteUserByName" finished-at="2024-02-06T14:32:11 IST" duration-ms="1655" status="PASS">
          <reporter-output>
          </reporter-output>
        </test-method> <!-- testDeleteUserByName -->
      </class> <!-- api.test.UserTests -->
    </test> <!-- Test -->
  </suite> <!-- Suite -->
</testng-results>
